This is pdfTeX, Version 3.1415926-2.5-1.40.14 (MiKTeX 2.9) (preloaded format=pdflatex 2014.9.22)  29 OCT 2015 14:10
entering extended mode
**C:/Users/chamberlainr0202/Desktop/Status*Report*2/Status*Report*2.tex
("C:/Users/chamberlainr0202/Desktop/Status Report 2/Status Report 2.tex"
LaTeX2e <2011/06/27>
Babel <v3.8m> and hyphenation patterns for english, afrikaans, ancientgreek, ar
abic, armenian, assamese, basque, bengali, bokmal, bulgarian, catalan, coptic, 
croatian, czech, danish, dutch, esperanto, estonian, farsi, finnish, french, ga
lician, german, german-x-2013-05-26, greek, gujarati, hindi, hungarian, iceland
ic, indonesian, interlingua, irish, italian, kannada, kurmanji, latin, latvian,
 lithuanian, malayalam, marathi, mongolian, mongolianlmc, monogreek, ngerman, n
german-x-2013-05-26, nynorsk, oriya, panjabi, pinyin, polish, portuguese, roman
ian, russian, sanskrit, serbian, slovak, slovenian, spanish, swedish, swissgerm
an, tamil, telugu, turkish, turkmen, ukenglish, ukrainian, uppersorbian, usengl
ishmax, welsh, loaded.
("C:\Program Files (x86)\MiKTeX 2.9\tex\latex\base\article.cls"
Document Class: article 2007/10/19 v1.4h Standard LaTeX document class
("C:\Program Files (x86)\MiKTeX 2.9\tex\latex\base\size11.clo"
File: size11.clo 2007/10/19 v1.4h Standard LaTeX file (size option)
)
\c@part=\count79
\c@section=\count80
\c@subsection=\count81
\c@subsubsection=\count82
\c@paragraph=\count83
\c@subparagraph=\count84
\c@figure=\count85
\c@table=\count86
\abovecaptionskip=\skip41
\belowcaptionskip=\skip42
\bibindent=\dimen102
)
("C:\Program Files (x86)\MiKTeX 2.9\tex\latex\amsfonts\amsfonts.sty"
Package: amsfonts 2013/01/14 v3.01 Basic AMSFonts support
\@emptytoks=\toks14
\symAMSa=\mathgroup4
\symAMSb=\mathgroup5
LaTeX Font Info:    Overwriting math alphabet `\mathfrak' in version `bold'
(Font)                  U/euf/m/n --> U/euf/b/n on input line 106.
)
("C:\Program Files (x86)\MiKTeX 2.9\tex\latex\amsfonts\amssymb.sty"
Package: amssymb 2013/01/14 v3.01 AMS font symbols
)
("C:\Program Files (x86)\MiKTeX 2.9\tex\latex\amsmath\amsmath.sty"
Package: amsmath 2013/01/14 v2.14 AMS math features
\@mathmargin=\skip43

For additional information on amsmath, use the `?' option.
("C:\Program Files (x86)\MiKTeX 2.9\tex\latex\amsmath\amstext.sty"
Package: amstext 2000/06/29 v2.01

("C:\Program Files (x86)\MiKTeX 2.9\tex\latex\amsmath\amsgen.sty"
File: amsgen.sty 1999/11/30 v2.0
\@emptytoks=\toks15
\ex@=\dimen103
))
("C:\Program Files (x86)\MiKTeX 2.9\tex\latex\amsmath\amsbsy.sty"
Package: amsbsy 1999/11/29 v1.2d
\pmbraise@=\dimen104
)
("C:\Program Files (x86)\MiKTeX 2.9\tex\latex\amsmath\amsopn.sty"
Package: amsopn 1999/12/14 v2.01 operator names
)
\inf@bad=\count87
LaTeX Info: Redefining \frac on input line 210.
\uproot@=\count88
\leftroot@=\count89
LaTeX Info: Redefining \overline on input line 306.
\classnum@=\count90
\DOTSCASE@=\count91
LaTeX Info: Redefining \ldots on input line 378.
LaTeX Info: Redefining \dots on input line 381.
LaTeX Info: Redefining \cdots on input line 466.
\Mathstrutbox@=\box26
\strutbox@=\box27
\big@size=\dimen105
LaTeX Font Info:    Redeclaring font encoding OML on input line 566.
LaTeX Font Info:    Redeclaring font encoding OMS on input line 567.
\macc@depth=\count92
\c@MaxMatrixCols=\count93
\dotsspace@=\muskip10
\c@parentequation=\count94
\dspbrk@lvl=\count95
\tag@help=\toks16
\row@=\count96
\column@=\count97
\maxfields@=\count98
\andhelp@=\toks17
\eqnshift@=\dimen106
\alignsep@=\dimen107
\tagshift@=\dimen108
\tagwidth@=\dimen109
\totwidth@=\dimen110
\lineht@=\dimen111
\@envbody=\toks18
\multlinegap=\skip44
\multlinetaggap=\skip45
\mathdisplay@stack=\toks19
LaTeX Info: Redefining \[ on input line 2665.
LaTeX Info: Redefining \] on input line 2666.
)
("C:\Program Files (x86)\MiKTeX 2.9\tex\latex\amscls\amsthm.sty"
Package: amsthm 2004/08/06 v2.20
\thm@style=\toks20
\thm@bodyfont=\toks21
\thm@headfont=\toks22
\thm@notefont=\toks23
\thm@headpunct=\toks24
\thm@preskip=\skip46
\thm@postskip=\skip47
\thm@headsep=\skip48
\dth@everypar=\toks25
)
("C:\Program Files (x86)\MiKTeX 2.9\tex\latex\graphics\epsfig.sty"
Package: epsfig 1999/02/16 v1.7a (e)psfig emulation (SPQR)

("C:\Program Files (x86)\MiKTeX 2.9\tex\latex\graphics\graphicx.sty"
Package: graphicx 1999/02/16 v1.0f Enhanced LaTeX Graphics (DPC,SPQR)

("C:\Program Files (x86)\MiKTeX 2.9\tex\latex\graphics\keyval.sty"
Package: keyval 1999/03/16 v1.13 key=value parser (DPC)
\KV@toks@=\toks26
)
("C:\Program Files (x86)\MiKTeX 2.9\tex\latex\graphics\graphics.sty"
Package: graphics 2009/02/05 v1.0o Standard LaTeX Graphics (DPC,SPQR)

("C:\Program Files (x86)\MiKTeX 2.9\tex\latex\graphics\trig.sty"
Package: trig 1999/03/16 v1.09 sin cos tan (DPC)
)
("C:\Program Files (x86)\MiKTeX 2.9\tex\latex\00miktex\graphics.cfg"
File: graphics.cfg 2007/01/18 v1.5 graphics configuration of teTeX/TeXLive
)
Package graphics Info: Driver file: pdftex.def on input line 91.

("C:\Program Files (x86)\MiKTeX 2.9\tex\latex\pdftex-def\pdftex.def"
File: pdftex.def 2011/05/27 v0.06d Graphics/color for pdfTeX

("C:\Program Files (x86)\MiKTeX 2.9\tex\generic\oberdiek\infwarerr.sty"
Package: infwarerr 2010/04/08 v1.3 Providing info/warning/error messages (HO)
)
("C:\Program Files (x86)\MiKTeX 2.9\tex\generic\oberdiek\ltxcmds.sty"
Package: ltxcmds 2011/11/09 v1.22 LaTeX kernel commands for general use (HO)
)
\Gread@gobject=\count99
))
\Gin@req@height=\dimen112
\Gin@req@width=\dimen113
)
\epsfxsize=\dimen114
\epsfysize=\dimen115
)
("C:\Program Files (x86)\MiKTeX 2.9\tex\latex\amsfonts\euscript.sty"
Package: euscript 2009/06/22 v3.00 Euler Script fonts
LaTeX Font Info:    Overwriting math alphabet `\EuScript' in version `bold'
(Font)                  U/eus/m/n --> U/eus/b/n on input line 33.
)
("C:\Program Files (x86)\MiKTeX 2.9\tex\latex\tools\verbatim.sty"
Package: verbatim 2003/08/22 v1.5q LaTeX2e package for verbatim enhancements
\every@verbatim=\toks27
\verbatim@line=\toks28
\verbatim@in@stream=\read1
)
(C:\Users\chamberlainr0202\AppData\Roaming\MiKTeX\2.9\tex\latex\pdfpages\pdfpag
es.sty
Package: pdfpages 2015/09/18 v0.5d Insert pages of external PDF documents (AM)
 ("C:\Program Files (x86)\MiKTeX 2.9\tex\latex\base\ifthen.sty"
Package: ifthen 2001/05/26 v1.1c Standard LaTeX ifthen package (DPC)
)
("C:\Program Files (x86)\MiKTeX 2.9\tex\latex\tools\calc.sty"
Package: calc 2007/08/22 v4.3 Infix arithmetic (KKT,FJ)
\calc@Acount=\count100
\calc@Bcount=\count101
\calc@Adimen=\dimen116
\calc@Bdimen=\dimen117
\calc@Askip=\skip49
\calc@Bskip=\skip50
LaTeX Info: Redefining \setlength on input line 76.
LaTeX Info: Redefining \addtolength on input line 77.
\calc@Ccount=\count102
\calc@Cskip=\skip51
)
(C:\Users\chamberlainr0202\AppData\Roaming\MiKTeX\2.9\tex\latex\eso-pic\eso-pic
.sty
Package: eso-pic 2015/07/21 v2.0g eso-pic (RN)
 ("C:\Program Files (x86)\MiKTeX 2.9\tex\generic\oberdiek\atbegshi.sty"
Package: atbegshi 2011/10/05 v1.16 At begin shipout hook (HO)

("C:\Program Files (x86)\MiKTeX 2.9\tex\generic\oberdiek\ifpdf.sty"
Package: ifpdf 2011/01/30 v2.3 Provides the ifpdf switch (HO)
Package ifpdf Info: pdfTeX in PDF mode is detected.
))
(C:\Users\chamberlainr0202\AppData\Roaming\MiKTeX\2.9\tex\latex\xcolor\xcolor.s
ty
Package: xcolor 2007/01/21 v2.11 LaTeX color extensions (UK)
 ("C:\Program Files (x86)\MiKTeX 2.9\tex\latex\00miktex\color.cfg"
File: color.cfg 2007/01/18 v1.5 color configuration of teTeX/TeXLive
)
Package xcolor Info: Driver file: pdftex.def on input line 225.
Package xcolor Info: Model `cmy' substituted by `cmy0' on input line 1337.
Package xcolor Info: Model `hsb' substituted by `rgb' on input line 1341.
Package xcolor Info: Model `RGB' extended on input line 1353.
Package xcolor Info: Model `HTML' substituted by `rgb' on input line 1355.
Package xcolor Info: Model `Hsb' substituted by `hsb' on input line 1356.
Package xcolor Info: Model `tHsb' substituted by `hsb' on input line 1357.
Package xcolor Info: Model `HSB' substituted by `hsb' on input line 1358.
Package xcolor Info: Model `Gray' substituted by `gray' on input line 1359.
Package xcolor Info: Model `wave' substituted by `hsb' on input line 1360.
))
\AM@pagewidth=\dimen118
\AM@pageheight=\dimen119

(C:\Users\chamberlainr0202\AppData\Roaming\MiKTeX\2.9\tex\latex\pdfpages\pppdft
ex.def
File: pppdftex.def 2015/09/18 v0.5d Pdfpages driver for pdfTeX (AM)
)
\AM@pagebox=\box28
\AM@toc@title=\toks29
\c@AM@survey=\count103
\AM@templatesizebox=\box29
)
\c@theorem=\count104
\c@conjecture=\count105
 ("C:\Users\chamberlainr0202\Desktop\Status Report 2\Status Report 2.aux")
LaTeX Font Info:    Checking defaults for OML/cmm/m/it on input line 171.
LaTeX Font Info:    ... okay on input line 171.
LaTeX Font Info:    Checking defaults for T1/cmr/m/n on input line 171.
LaTeX Font Info:    ... okay on input line 171.
LaTeX Font Info:    Checking defaults for OT1/cmr/m/n on input line 171.
LaTeX Font Info:    ... okay on input line 171.
LaTeX Font Info:    Checking defaults for OMS/cmsy/m/n on input line 171.
LaTeX Font Info:    ... okay on input line 171.
LaTeX Font Info:    Checking defaults for OMX/cmex/m/n on input line 171.
LaTeX Font Info:    ... okay on input line 171.
LaTeX Font Info:    Checking defaults for U/cmr/m/n on input line 171.
LaTeX Font Info:    ... okay on input line 171.
 ("C:\Program Files (x86)\MiKTeX 2.9\tex\context\base\supp-pdf.mkii"
[Loading MPS to PDF converter (version 2006.09.02).]
\scratchcounter=\count106
\scratchdimen=\dimen120
\scratchbox=\box30
\nofMPsegments=\count107
\nofMParguments=\count108
\everyMPshowfont=\toks30
\MPscratchCnt=\count109
\MPscratchDim=\dimen121
\MPnumerator=\count110
\makeMPintoPDFobject=\count111
\everyMPtoPDFconversion=\toks31
)
\AtBeginShipoutBox=\box31
 ("C:\Program Files (x86)\MiKTeX 2.9\tex\latex\oberdiek\pdflscape.sty"
Package: pdflscape 2008/08/11 v0.10 Display of landscape pages in PDF (HO)

("C:\Program Files (x86)\MiKTeX 2.9\tex\latex\graphics\lscape.sty"
Package: lscape 2000/10/22 v3.01 Landscape Pages (DPC)
)
Package pdflscape Info: Auto-detected driver: pdftex on input line 80.

("C:\Program Files (x86)\MiKTeX 2.9\tex\generic\ifxetex\ifxetex.sty"
Package: ifxetex 2010/09/12 v0.6 Provides ifxetex conditional
))
LaTeX Font Info:    Try loading font information for U+msa on input line 172.

("C:\Program Files (x86)\MiKTeX 2.9\tex\latex\amsfonts\umsa.fd"
File: umsa.fd 2013/01/14 v3.01 AMS symbols A
)
LaTeX Font Info:    Try loading font information for U+msb on input line 172.

("C:\Program Files (x86)\MiKTeX 2.9\tex\latex\amsfonts\umsb.fd"
File: umsb.fd 2013/01/14 v3.01 AMS symbols B
)
Missing character: There is no â in font cmr10!
Missing character: There is no € in font cmr10!
Missing character: There is no ™ in font cmr10!
Missing character: There is no â in font cmr10!
Missing character: There is no € in font cmr10!
Missing character: There is no ™ in font cmr10!
 [1

{C:/Users/chamberlainr0202/AppData/Local/MiKTeX/2.9/pdftex/config/pdftex.map}]
<WSEMAplots.jpg, id=19, 300.3722pt x 261.22594pt>
File: WSEMAplots.jpg Graphic file (type jpg)
 <use WSEMAplots.jpg>
Package pdftex.def Info: WSEMAplots.jpg used on input line 204.
(pdftex.def)             Requested size: 300.37144pt x 261.22528pt.
 [2 <C:/Users/chamberlainr0202/Desktop/Status Report 2/WSEMAplots.jpg>]
<SMAEMAComparisonPlots.pdf, id=25, 614.295pt x 794.97pt>
File: SMAEMAComparisonPlots.pdf Graphic file (type pdf)

<use SMAEMAComparisonPlots.pdf>
Package pdftex.def Info: SMAEMAComparisonPlots.pdf used on input line 208.
(pdftex.def)             Requested size: 614.29349pt x 794.96806pt.
File: SMAEMAComparisonPlots.pdf Graphic file (type pdf)
 <use SMAEMAComparisonPlots.pdf>
Package pdftex.def Info: SMAEMAComparisonPlots.pdf used on input line 208.
(pdftex.def)             Requested size: 614.29349pt x 794.96806pt.

<SMAEMAComparisonPlots.pdf, id=28, page=1, 614.295pt x 794.97pt>
File: SMAEMAComparisonPlots.pdf Graphic file (type pdf)

<use SMAEMAComparisonPlots.pdf, page 1>
Package pdftex.def Info: SMAEMAComparisonPlots.pdf, page1 used on input line 20
8.
(pdftex.def)             Requested size: 614.29349pt x 794.96806pt.
File: SMAEMAComparisonPlots.pdf Graphic file (type pdf)

<use SMAEMAComparisonPlots.pdf, page 1>
Package pdftex.def Info: SMAEMAComparisonPlots.pdf, page1 used on input line 20
8.
(pdftex.def)             Requested size: 614.58406pt x 795.3441pt.
 [3]
File: SMAEMAComparisonPlots.pdf Graphic file (type pdf)

<use SMAEMAComparisonPlots.pdf, page 1>
Package pdftex.def Info: SMAEMAComparisonPlots.pdf, page1 used on input line 20
8.
(pdftex.def)             Requested size: 614.58406pt x 795.3441pt.
File: SMAEMAComparisonPlots.pdf Graphic file (type pdf)

<use SMAEMAComparisonPlots.pdf, page 1>
Package pdftex.def Info: SMAEMAComparisonPlots.pdf, page1 used on input line 20
8.
(pdftex.def)             Requested size: 614.58406pt x 795.3441pt.
File: SMAEMAComparisonPlots.pdf Graphic file (type pdf)

<use SMAEMAComparisonPlots.pdf, page 1>
Package pdftex.def Info: SMAEMAComparisonPlots.pdf, page1 used on input line 20
8.
(pdftex.def)             Requested size: 614.58406pt x 795.3441pt.
 [4 <C:/Users/chamberlainr0202/Desktop/Status Report 2/SMAEMAComparisonPlots.pd
f>]
<EMAplots.pdf, id=41, 614.295pt x 794.97pt>
File: EMAplots.pdf Graphic file (type pdf)
 <use EMAplots.pdf>
Package pdftex.def Info: EMAplots.pdf used on input line 218.
(pdftex.def)             Requested size: 614.29349pt x 794.96806pt.
File: EMAplots.pdf Graphic file (type pdf)

<use EMAplots.pdf>
Package pdftex.def Info: EMAplots.pdf used on input line 218.
(pdftex.def)             Requested size: 614.29349pt x 794.96806pt.
 <EMAplots.pdf, id=44, page=1, 614.295pt x 794.97pt>
File: EMAplots.pdf Graphic file (type pdf)

<use EMAplots.pdf, page 1>
Package pdftex.def Info: EMAplots.pdf, page1 used on input line 218.
(pdftex.def)             Requested size: 614.29349pt x 794.96806pt.
File: EMAplots.pdf Graphic file (type pdf)
 <use EMAplots.pdf, page 1>
Package pdftex.def Info: EMAplots.pdf, page1 used on input line 218.
(pdftex.def)             Requested size: 614.58406pt x 795.3441pt.
 [5]
File: EMAplots.pdf Graphic file (type pdf)

<use EMAplots.pdf, page 1>
Package pdftex.def Info: EMAplots.pdf, page1 used on input line 218.
(pdftex.def)             Requested size: 614.58406pt x 795.3441pt.
File: EMAplots.pdf Graphic file (type pdf)
 <use EMAplots.pdf, page 1>
Package pdftex.def Info: EMAplots.pdf, page1 used on input line 218.
(pdftex.def)             Requested size: 614.58406pt x 795.3441pt.
File: EMAplots.pdf Graphic file (type pdf)

<use EMAplots.pdf, page 1>
Package pdftex.def Info: EMAplots.pdf, page1 used on input line 218.
(pdftex.def)             Requested size: 614.58406pt x 795.3441pt.
 [6 <C:/Users/chamberlainr0202/Desktop/Status Report 2/EMAplots.pdf>] <SMAplots
.pdf, id=57, 614.295pt x 794.97pt>
File: SMAplots.pdf Graphic file (type pdf)

<use SMAplots.pdf>
Package pdftex.def Info: SMAplots.pdf used on input line 219.
(pdftex.def)             Requested size: 614.29349pt x 794.96806pt.
File: SMAplots.pdf Graphic file (type pdf)
 <use SMAplots.pdf>
Package pdftex.def Info: SMAplots.pdf used on input line 219.
(pdftex.def)             Requested size: 614.29349pt x 794.96806pt.

<SMAplots.pdf, id=60, page=1, 614.295pt x 794.97pt>
File: SMAplots.pdf Graphic file (type pdf)
 <use SMAplots.pdf, page 1>
Package pdftex.def Info: SMAplots.pdf, page1 used on input line 219.
(pdftex.def)             Requested size: 614.29349pt x 794.96806pt.
File: SMAplots.pdf Graphic file (type pdf)

<use SMAplots.pdf, page 1>
Package pdftex.def Info: SMAplots.pdf, page1 used on input line 219.
(pdftex.def)             Requested size: 614.58406pt x 795.3441pt.
File: SMAplots.pdf Graphic file (type pdf)
 <use SMAplots.pdf, page 1>
Package pdftex.def Info: SMAplots.pdf, page1 used on input line 219.
(pdftex.def)             Requested size: 614.58406pt x 795.3441pt.
File: SMAplots.pdf Graphic file (type pdf)

<use SMAplots.pdf, page 1>
Package pdftex.def Info: SMAplots.pdf, page1 used on input line 219.
(pdftex.def)             Requested size: 614.58406pt x 795.3441pt.
File: SMAplots.pdf Graphic file (type pdf)
 <use SMAplots.pdf, page 1>
Package pdftex.def Info: SMAplots.pdf, page1 used on input line 219.
(pdftex.def)             Requested size: 614.58406pt x 795.3441pt.
 [7 <C:/Users/chamberlainr0202/Desktop/Status Report 2/SMAplots.pdf>]
Underfull \hbox (badness 10000) in paragraph at lines 249--250
[]\OT1/cmr/m/n/10 Diethelm Wurtz and To-bias Setz, ETH Zurich and Rmet-
 []


Underfull \hbox (badness 10000) in paragraph at lines 249--250
\OT1/cmr/m/n/10 rics As-so-ci-a-tion Zurich May 12, 2014; https://cran.r-
 []

[8] ("C:\Users\chamberlainr0202\Desktop\Status Report 2\Status Report 2.aux") )
 
Here is how much of TeX's memory you used:
 3653 strings out of 493921
 47905 string characters out of 3144843
 110849 words of memory out of 3000000
 6883 multiletter control sequences out of 15000+200000
 13862 words of font info for 54 fonts, out of 3000000 for 9000
 841 hyphenation exceptions out of 8191
 37i,18n,40p,1095b,421s stack positions out of 5000i,500n,10000p,200000b,50000s
<C:/Program Files (x86)/MiKTeX 2.9/fonts/type1/public/amsfonts/cm/cmbx10.pfb><C
:/Program Files (x86)/MiKTeX 2.9/fonts/type1/public/amsfonts/cm/cmbx12.pfb><C:/
Program Files (x86)/MiKTeX 2.9/fonts/type1/public/amsfonts/cm/cmex10.pfb><C:/Pr
ogram Files (x86)/MiKTeX 2.9/fonts/type1/public/amsfonts/cm/cmmi10.pfb><C:/Prog
ram Files (x86)/MiKTeX 2.9/fonts/type1/public/amsfonts/cm/cmmi7.pfb><C:/Program
 Files (x86)/MiKTeX 2.9/fonts/type1/public/amsfonts/cm/cmr10.pfb><C:/Program Fi
les (x86)/MiKTeX 2.9/fonts/type1/public/amsfonts/cm/cmr12.pfb><C:/Program Files
 (x86)/MiKTeX 2.9/fonts/type1/public/amsfonts/cm/cmr17.pfb><C:/Program Files (x
86)/MiKTeX 2.9/fonts/type1/public/amsfonts/cm/cmr7.pfb><C:/Program Files (x86)/
MiKTeX 2.9/fonts/type1/public/amsfonts/cm/cmr9.pfb><C:/Program Files (x86)/MiKT
eX 2.9/fonts/type1/public/amsfonts/cm/cmsy10.pfb><C:/Program Files (x86)/MiKTeX
 2.9/fonts/type1/public/amsfonts/cm/cmsy6.pfb><C:/Program Files (x86)/MiKTeX 2.
9/fonts/type1/public/amsfonts/cm/cmsy7.pfb><C:/Program Files (x86)/MiKTeX 2.9/f
onts/type1/public/amsfonts/cm/cmsy8.pfb><C:/Program Files (x86)/MiKTeX 2.9/font
s/type1/public/amsfonts/cm/cmti10.pfb><C:/Program Files (x86)/MiKTeX 2.9/fonts/
type1/public/amsfonts/cm/cmtt10.pfb>
Output written on "Status Report 2.pdf" (8 pages, 270504 bytes).
PDF statistics:
 124 PDF objects out of 1000 (max. 8388607)
 0 named destinations out of 1000 (max. 500000)
 66 words of extra memory for PDF output out of 10000 (max. 10000000)

